<?xml version="1.0" encoding="UTF-8"?>
<testng-results ignored="0" total="1" passed="1" failed="0" skipped="0">
  <reporter-output>
  </reporter-output>
  <suite started-at="2023-04-19T22:07:42 IST" name="Default suite" finished-at="2023-04-19T22:08:56 IST" duration-ms="73823">
    <groups>
    </groups>
    <test started-at="2023-04-19T22:07:42 IST" name="Default test" finished-at="2023-04-19T22:08:56 IST" duration-ms="73823">
      <class name="WithoutUsingPageFactoryAnnotation.WithoutAnnotation">
        <test-method signature="loginmethods()[pri:0, instance:WithoutUsingPageFactoryAnnotation.WithoutAnnotation@1677d1]" started-at="2023-04-19T22:07:42 IST" name="loginmethods" finished-at="2023-04-19T22:08:56 IST" duration-ms="73681" status="PASS">
          <reporter-output>
          </reporter-output>
        </test-method> <!-- loginmethods -->
      </class> <!-- WithoutUsingPageFactoryAnnotation.WithoutAnnotation -->
    </test> <!-- Default test -->
  </suite> <!-- Default suite -->
</testng-results>
